<?xml version="1.0" encoding="UTF-8"?>
<!-- Generated by org.testng.reporters.JUnitReportReporter -->
<testsuite hostname="DESKTOP-L196VMO" name="serviceTesting.AssociateTesting" tests="7" failures="0" timestamp="7 Nov 2018 18:28:13 GMT" time="2.883" errors="0">
  <testcase name="deleteAssociate" time="0.104" classname="serviceTesting.AssociateTesting"/>
  <testcase name="getAssociate" time="0.052" classname="serviceTesting.AssociateTesting"/>
  <testcase name="updateAssociate" time="0.166" classname="serviceTesting.AssociateTesting"/>
  <testcase name="createAssociate" time="0.052" classname="serviceTesting.AssociateTesting"/>
  <testcase name="createAssociate" time="2.323" classname="serviceTesting.AssociateTesting"/>
  <testcase name="allAssociates" time="0.135" classname="serviceTesting.AssociateTesting"/>
  <testcase name="createAssociate" time="0.051" classname="serviceTesting.AssociateTesting"/>
</testsuite> <!-- serviceTesting.AssociateTesting -->
